<?xml version="1.0" encoding="UTF-8"?>
<testsuite xmlns:xsi="http://www.w3.org/2001/XMLSchema-instance" xsi:noNamespaceSchemaLocation="https://maven.apache.org/surefire/maven-surefire-plugin/xsd/surefire-test-report-3.0.xsd" version="3.0" name="hello.HomePageTest" time="0.135" tests="5" errors="0" skipped="0" failures="0">
  <properties>
[...]
</properties>
  <testcase name="getHomePage_BootstrapLoaded" classname="hello.HomePageTest" time="0.07"/>
  <testcase name="getHomePage_hasCorrectFirstPage" classname="hello.HomePageTest" time="0.016"/>
  <testcase name="getHomePage_hasCorrectBrand" classname="hello.HomePageTest" time="0.013"/>
  <testcase name="getHomePage_hasCorrectTitle" classname="hello.HomePageTest" time="0.01"/>
  <testcase name="getHomePage_ContentType" classname="hello.HomePageTest" time="0.009"/>
</testsuite>